Inicializacion del repositorio en GitHub y comienzo de creación del proyecto.
Creación del script binder_bateaus.py
Problemas con licencias y API Key para acceder a la API
Localización y descarga de datasets en Kaggle (en caso de necesidad)

10/12/2024:
Creación del script scrapping_functions.py
En Kpler MarineTraffic se permiten descargar csv de los datos. No se sabe si una gran cantidad de datos implica algún tipo de gasto.
Preparando scrapping masivo a decidir puertos y rutas

- Ports: Country, Port, Lococode, Vessels in Port, Departures, Arrivals, Expected Arrivals, Local Time, Related Anchorage, Area Global, Area Local, Coverage
Filtrar por Área Global, Area Local, Country, Port

-¿Qué regiones/zonas me interesan?: Flujos este asiático a costa occidental de Norteamérica. Costa de Mexico y litoral pacífico del resto de América.
- Cuellos de botella: Panama, Suez, Estrechos: Costa Este de Estados Unidos, Puertos Norte de Europa, Puertos del Mediterráneo.

- Vessels: flag, vessel_name, destination_port, imo, vessel type, time_of_last_position, latitude, longitude, mmsi

- Productos Kpler y MarineTraffic: 
    - Data Services: https://www.kpler.com/product/maritime/data-services
    - Online Services: https://www.marinetraffic.com/en/online-services/solutions
    - Container Tracking: https://www.kpler.com/product/maritime/container-tracking

- Terms of Use: https://www.marinetraffic.com/en/data/[object%20Object]/p/terms

11/12/2024:
Conformación de las url de búsqueda en las páginas
Diseñando las columnas que se requerirán para el dataset así como los filtros específicos

En el caso de vessels: imo, destination_port, reported destination, reported eta, (latitude, longitude, mmsi)
filtros: Vessel Type = 'Cargo', Capacity?, 'Global Area', 'Local Area?', Reported Destination, 'current port country'

En el caso de ports: country, port, un/locode, vessels in port, departures, arrivals, expected arrivals, Area Global, Area Local
Filtros: Area Global, Area Local, Port Type

Diferencias entre imo y mmsi: https://www.retevismarine.com/blog/What-is-the-difference-between-MMSI-and-IMO-

Revisar Global Area y Local Area.

¿Cada cuanto capturar datos? ¿De qué regiones tomar?
Capacidades y tamaños de buques mercantes: https://porteconomicsmanagement-org.translate.goog/pemp/contents/part4/terminals-and-terminal-operators/ship-characteristics-capacity-measures/?_x_tr_sl=en&_x_tr_tl=es&_x_tr_hl=es&_x_tr_pto=rq
[Revisar más fuentes]

Divergencia matemática (a fin de cuentas se está midiendo flujo entre dos puntos: fuentes y sumideros): https://es.wikipedia.org/wiki/Divergencia_(matem%C3%A1tica)
¿Cuál sería el campo vectorial?