This is pdfTeX, Version 3.141592653-2.6-1.40.22 (TeX Live 2022/dev/Debian) (preloaded format=pdflatex 2024.5.2)  13 MAR 2025 18:53
entering extended mode
 restricted \write18 enabled.
 %&-line parsing enabled.
**main.tex
(./main.tex
LaTeX2e <2021-11-15> patch level 1
L3 programming layer <2022-01-21>
(/usr/share/texlive/texmf-dist/tex/latex/base/article.cls
Document Class: article 2021/10/04 v1.4n Standard LaTeX document class
(/usr/share/texlive/texmf-dist/tex/latex/base/size12.clo
File: size12.clo 2021/10/04 v1.4n Standard LaTeX file (size option)
)
\c@part=\count185
\c@section=\count186
\c@subsection=\count187
\c@subsubsection=\count188
\c@paragraph=\count189
\c@subparagraph=\count190
\c@figure=\count191
\c@table=\count192
\abovecaptionskip=\skip47
\belowcaptionskip=\skip48
\bibindent=\dimen138
)
(/usr/share/texlive/texmf-dist/tex/latex/graphics/graphicx.sty
Package: graphicx 2021/09/16 v1.2d Enhanced LaTeX Graphics (DPC,SPQR)

(/usr/share/texlive/texmf-dist/tex/latex/graphics/keyval.sty
Package: keyval 2014/10/28 v1.15 key=value parser (DPC)
\KV@toks@=\toks16
)
(/usr/share/texlive/texmf-dist/tex/latex/graphics/graphics.sty
Package: graphics 2021/03/04 v1.4d Standard LaTeX Graphics (DPC,SPQR)

(/usr/share/texlive/texmf-dist/tex/latex/graphics/trig.sty
Package: trig 2021/08/11 v1.11 sin cos tan (DPC)
)
(/usr/share/texlive/texmf-dist/tex/latex/graphics-cfg/graphics.cfg
File: graphics.cfg 2016/06/04 v1.11 sample graphics configuration
)
Package graphics Info: Driver file: pdftex.def on input line 107.

(/usr/share/texlive/texmf-dist/tex/latex/graphics-def/pdftex.def
File: pdftex.def 2020/10/05 v1.2a Graphics/color driver for pdftex
))
\Gin@req@height=\dimen139
\Gin@req@width=\dimen140
)
(/usr/share/texlive/texmf-dist/tex/latex/float/float.sty
Package: float 2001/11/08 v1.3d Float enhancements (AL)
\c@float@type=\count193
\float@exts=\toks17
\float@box=\box50
\@float@everytoks=\toks18
\@floatcapt=\box51
)
(/usr/share/texlive/texmf-dist/tex/latex/geometry/geometry.sty
Package: geometry 2020/01/02 v5.9 Page Geometry

(/usr/share/texlive/texmf-dist/tex/generic/iftex/ifvtex.sty
Package: ifvtex 2019/10/25 v1.7 ifvtex legacy package. Use iftex instead.

(/usr/share/texlive/texmf-dist/tex/generic/iftex/iftex.sty
Package: iftex 2020/03/06 v1.0d TeX engine tests
))
\Gm@cnth=\count194
\Gm@cntv=\count195
\c@Gm@tempcnt=\count196
\Gm@bindingoffset=\dimen141
\Gm@wd@mp=\dimen142
\Gm@odd@mp=\dimen143
\Gm@even@mp=\dimen144
\Gm@layoutwidth=\dimen145
\Gm@layoutheight=\dimen146
\Gm@layouthoffset=\dimen147
\Gm@layoutvoffset=\dimen148
\Gm@dimlist=\toks19
)
(/usr/share/texlive/texmf-dist/tex/latex/natbib/natbib.sty
Package: natbib 2010/09/13 8.31b (PWD, AO)
\bibhang=\skip49
\bibsep=\skip50
LaTeX Info: Redefining \cite on input line 694.
\c@NAT@ctr=\count197
)
(/usr/share/texlive/texmf-dist/tex/latex/hyperref/hyperref.sty
Package: hyperref 2021-06-07 v7.00m Hypertext links for LaTeX

(/usr/share/texlive/texmf-dist/tex/generic/ltxcmds/ltxcmds.sty
Package: ltxcmds 2020-05-10 v1.25 LaTeX kernel commands for general use (HO)
)
(/usr/share/texlive/texmf-dist/tex/generic/pdftexcmds/pdftexcmds.sty
Package: pdftexcmds 2020-06-27 v0.33 Utility functions of pdfTeX for LuaTeX (HO
)

(/usr/share/texlive/texmf-dist/tex/generic/infwarerr/infwarerr.sty
Package: infwarerr 2019/12/03 v1.5 Providing info/warning/error messages (HO)
)
Package pdftexcmds Info: \pdf@primitive is available.
Package pdftexcmds Info: \pdf@ifprimitive is available.
Package pdftexcmds Info: \pdfdraftmode found.
)
(/usr/share/texlive/texmf-dist/tex/generic/kvsetkeys/kvsetkeys.sty
Package: kvsetkeys 2019/12/15 v1.18 Key value parser (HO)
)
(/usr/share/texlive/texmf-dist/tex/generic/kvdefinekeys/kvdefinekeys.sty
Package: kvdefinekeys 2019-12-19 v1.6 Define keys (HO)
)
(/usr/share/texlive/texmf-dist/tex/generic/pdfescape/pdfescape.sty
Package: pdfescape 2019/12/09 v1.15 Implements pdfTeX's escape features (HO)
)
(/usr/share/texlive/texmf-dist/tex/latex/hycolor/hycolor.sty
Package: hycolor 2020-01-27 v1.10 Color options for hyperref/bookmark (HO)
)
(/usr/share/texlive/texmf-dist/tex/latex/letltxmacro/letltxmacro.sty
Package: letltxmacro 2019/12/03 v1.6 Let assignment for LaTeX macros (HO)
)
(/usr/share/texlive/texmf-dist/tex/latex/auxhook/auxhook.sty
Package: auxhook 2019-12-17 v1.6 Hooks for auxiliary files (HO)
)
(/usr/share/texlive/texmf-dist/tex/latex/kvoptions/kvoptions.sty
Package: kvoptions 2020-10-07 v3.14 Key value format for package options (HO)
)
\@linkdim=\dimen149
\Hy@linkcounter=\count198
\Hy@pagecounter=\count199

(/usr/share/texlive/texmf-dist/tex/latex/hyperref/pd1enc.def
File: pd1enc.def 2021-06-07 v7.00m Hyperref: PDFDocEncoding definition (HO)
Now handling font encoding PD1 ...
... no UTF-8 mapping file for font encoding PD1
)
(/usr/share/texlive/texmf-dist/tex/latex/hyperref/hyperref-langpatches.def
File: hyperref-langpatches.def 2021-06-07 v7.00m Hyperref: patches for babel la
nguages
)
(/usr/share/texlive/texmf-dist/tex/generic/intcalc/intcalc.sty
Package: intcalc 2019/12/15 v1.3 Expandable calculations with integers (HO)
)
(/usr/share/texlive/texmf-dist/tex/generic/etexcmds/etexcmds.sty
Package: etexcmds 2019/12/15 v1.7 Avoid name clashes with e-TeX commands (HO)
)
\Hy@SavedSpaceFactor=\count266

(/usr/share/texlive/texmf-dist/tex/latex/hyperref/puenc.def
File: puenc.def 2021-06-07 v7.00m Hyperref: PDF Unicode definition (HO)
Now handling font encoding PU ...
... no UTF-8 mapping file for font encoding PU
)
Package hyperref Info: Hyper figures OFF on input line 4192.
Package hyperref Info: Link nesting OFF on input line 4197.
Package hyperref Info: Hyper index ON on input line 4200.
Package hyperref Info: Plain pages OFF on input line 4207.
Package hyperref Info: Backreferencing OFF on input line 4212.
Package hyperref Info: Implicit mode ON; LaTeX internals redefined.
Package hyperref Info: Bookmarks ON on input line 4445.
\c@Hy@tempcnt=\count267

(/usr/share/texlive/texmf-dist/tex/latex/url/url.sty
\Urlmuskip=\muskip16
Package: url 2013/09/16  ver 3.4  Verb mode for urls, etc.
)
LaTeX Info: Redefining \url on input line 4804.
\XeTeXLinkMargin=\dimen150

(/usr/share/texlive/texmf-dist/tex/generic/bitset/bitset.sty
Package: bitset 2019/12/09 v1.3 Handle bit-vector datatype (HO)

(/usr/share/texlive/texmf-dist/tex/generic/bigintcalc/bigintcalc.sty
Package: bigintcalc 2019/12/15 v1.5 Expandable calculations on big integers (HO
)
))
\Fld@menulength=\count268
\Field@Width=\dimen151
\Fld@charsize=\dimen152
Package hyperref Info: Hyper figures OFF on input line 6076.
Package hyperref Info: Link nesting OFF on input line 6081.
Package hyperref Info: Hyper index ON on input line 6084.
Package hyperref Info: backreferencing OFF on input line 6091.
Package hyperref Info: Link coloring OFF on input line 6096.
Package hyperref Info: Link coloring with OCG OFF on input line 6101.
Package hyperref Info: PDF/A mode OFF on input line 6106.
LaTeX Info: Redefining \ref on input line 6146.
LaTeX Info: Redefining \pageref on input line 6150.

(/usr/share/texlive/texmf-dist/tex/latex/base/atbegshi-ltx.sty
Package: atbegshi-ltx 2021/01/10 v1.0c Emulation of the original atbegshi
package with kernel methods
)
\Hy@abspage=\count269
\c@Item=\count270
\c@Hfootnote=\count271
)
Package hyperref Info: Driver (autodetected): hpdftex.

(/usr/share/texlive/texmf-dist/tex/latex/hyperref/hpdftex.def
File: hpdftex.def 2021-06-07 v7.00m Hyperref driver for pdfTeX

(/usr/share/texlive/texmf-dist/tex/latex/base/atveryend-ltx.sty
Package: atveryend-ltx 2020/08/19 v1.0a Emulation of the original atveryend pac
kage
with kernel methods
)
\Fld@listcount=\count272
\c@bookmark@seq@number=\count273

(/usr/share/texlive/texmf-dist/tex/latex/rerunfilecheck/rerunfilecheck.sty
Package: rerunfilecheck 2019/12/05 v1.9 Rerun checks for auxiliary files (HO)

(/usr/share/texlive/texmf-dist/tex/generic/uniquecounter/uniquecounter.sty
Package: uniquecounter 2019/12/15 v1.4 Provide unlimited unique counter (HO)
)
Package uniquecounter Info: New unique counter `rerunfilecheck' on input line 2
86.
)
\Hy@SectionHShift=\skip51
)
(/usr/share/texlive/texmf-dist/tex/latex/xcolor/xcolor.sty
Package: xcolor 2021/10/31 v2.13 LaTeX color extensions (UK)

(/usr/share/texlive/texmf-dist/tex/latex/graphics-cfg/color.cfg
File: color.cfg 2016/01/02 v1.6 sample color configuration
)
Package xcolor Info: Driver file: pdftex.def on input line 227.
Package xcolor Info: Model `cmy' substituted by `cmy0' on input line 1352.
Package xcolor Info: Model `hsb' substituted by `rgb' on input line 1356.
Package xcolor Info: Model `RGB' extended on input line 1368.
Package xcolor Info: Model `HTML' substituted by `rgb' on input line 1370.
Package xcolor Info: Model `Hsb' substituted by `hsb' on input line 1371.
Package xcolor Info: Model `tHsb' substituted by `hsb' on input line 1372.
Package xcolor Info: Model `HSB' substituted by `hsb' on input line 1373.
Package xcolor Info: Model `Gray' substituted by `gray' on input line 1374.
Package xcolor Info: Model `wave' substituted by `hsb' on input line 1375.
)
(/usr/share/texlive/texmf-dist/tex/latex/l3backend/l3backend-pdftex.def
File: l3backend-pdftex.def 2022-01-12 L3 backend support: PDF output (pdfTeX)
\l__color_backend_stack_int=\count274
\l__pdf_internal_box=\box52
)
(./main.aux

LaTeX Warning: Label `map_bubble_6' multiply defined.


LaTeX Warning: Label `tabla' multiply defined.


LaTeX Warning: Label `timeseries_5' multiply defined.

)
\openout1 = `main.aux'.

LaTeX Font Info:    Checking defaults for OML/cmm/m/it on input line 58.
LaTeX Font Info:    ... okay on input line 58.
LaTeX Font Info:    Checking defaults for OMS/cmsy/m/n on input line 58.
LaTeX Font Info:    ... okay on input line 58.
LaTeX Font Info:    Checking defaults for OT1/cmr/m/n on input line 58.
LaTeX Font Info:    ... okay on input line 58.
LaTeX Font Info:    Checking defaults for T1/cmr/m/n on input line 58.
LaTeX Font Info:    ... okay on input line 58.
LaTeX Font Info:    Checking defaults for TS1/cmr/m/n on input line 58.
LaTeX Font Info:    ... okay on input line 58.
LaTeX Font Info:    Checking defaults for OMX/cmex/m/n on input line 58.
LaTeX Font Info:    ... okay on input line 58.
LaTeX Font Info:    Checking defaults for U/cmr/m/n on input line 58.
LaTeX Font Info:    ... okay on input line 58.
LaTeX Font Info:    Checking defaults for PD1/pdf/m/n on input line 58.
LaTeX Font Info:    ... okay on input line 58.
LaTeX Font Info:    Checking defaults for PU/pdf/m/n on input line 58.
LaTeX Font Info:    ... okay on input line 58.
 (/usr/share/texlive/texmf-dist/tex/context/base/mkii/supp-pdf.mkii
[Loading MPS to PDF converter (version 2006.09.02).]
\scratchcounter=\count275
\scratchdimen=\dimen153
\scratchbox=\box53
\nofMPsegments=\count276
\nofMParguments=\count277
\everyMPshowfont=\toks20
\MPscratchCnt=\count278
\MPscratchDim=\dimen154
\MPnumerator=\count279
\makeMPintoPDFobject=\count280
\everyMPtoPDFconversion=\toks21
) (/usr/share/texlive/texmf-dist/tex/latex/epstopdf-pkg/epstopdf-base.sty
Package: epstopdf-base 2020-01-24 v2.11 Base part for package epstopdf
Package epstopdf-base Info: Redefining graphics rule for `.eps' on input line 4
85.

(/usr/share/texlive/texmf-dist/tex/latex/latexconfig/epstopdf-sys.cfg
File: epstopdf-sys.cfg 2010/07/13 v1.3 Configuration of (r)epstopdf for TeX Liv
e
))
*geometry* driver: auto-detecting
*geometry* detected driver: pdftex
*geometry* verbose mode - [ preamble ] result:
* driver: pdftex
* paper: a4paper
* layout: <same size as paper>
* layoutoffset:(h,v)=(0.0pt,0.0pt)
* modes: 
* h-part:(L,W,R)=(56.9055pt, 483.69684pt, 56.90553pt)
* v-part:(T,H,B)=(56.9055pt, 731.23582pt, 56.90552pt)
* \paperwidth=597.50787pt
* \paperheight=845.04684pt
* \textwidth=483.69684pt
* \textheight=731.23582pt
* \oddsidemargin=-15.36449pt
* \evensidemargin=-15.36449pt
* \topmargin=-52.36449pt
* \headheight=12.0pt
* \headsep=25.0pt
* \topskip=12.0pt
* \footskip=30.0pt
* \marginparwidth=44.0pt
* \marginparsep=10.0pt
* \columnsep=10.0pt
* \skip\footins=10.8pt plus 4.0pt minus 2.0pt
* \hoffset=0.0pt
* \voffset=0.0pt
* \mag=1000
* \@twocolumnfalse
* \@twosidefalse
* \@mparswitchfalse
* \@reversemarginfalse
* (1in=72.27pt=25.4mm, 1cm=28.453pt)

Package hyperref Info: Link coloring OFF on input line 58.
(/usr/share/texlive/texmf-dist/tex/latex/hyperref/nameref.sty
Package: nameref 2021-04-02 v2.47 Cross-referencing by name of section

(/usr/share/texlive/texmf-dist/tex/latex/refcount/refcount.sty
Package: refcount 2019/12/15 v3.6 Data extraction from label references (HO)
)
(/usr/share/texlive/texmf-dist/tex/generic/gettitlestring/gettitlestring.sty
Package: gettitlestring 2019/12/15 v1.6 Cleanup title references (HO)
)
\c@section@level=\count281
)
LaTeX Info: Redefining \ref on input line 58.
LaTeX Info: Redefining \pageref on input line 58.
LaTeX Info: Redefining \nameref on input line 58.

(./main.out) (./main.out)
\@outlinefile=\write3
\openout3 = `main.out'.

</home/gonzalopc/Documentos/programas_mios/TFM_AFI_2025/TFM_AFI_2025/mynotes/im
ages//afi_logo.png, id=184, 285.065pt x 144.54pt>
File: /home/gonzalopc/Documentos/programas_mios/TFM_AFI_2025/TFM_AFI_2025/mynot
es/images//afi_logo.png Graphic file (type png)
<use /home/gonzalopc/Documentos/programas_mios/TFM_AFI_2025/TFM_AFI_2025/mynote
s/images//afi_logo.png>
Package pdftex.def Info: /home/gonzalopc/Documentos/programas_mios/TFM_AFI_2025
/TFM_AFI_2025/mynotes/images//afi_logo.png  used on input line 66.
(pdftex.def)             Requested size: 193.47577pt x 98.10062pt.
LaTeX Font Info:    External font `cmex10' loaded for size
(Font)              <14.4> on input line 66.
LaTeX Font Info:    External font `cmex10' loaded for size
(Font)              <7> on input line 66.
 [1

{/var/lib/texmf/fonts/map/pdftex/updmap/pdftex.map} </home/gonzalopc/Documentos
/programas_mios/TFM_AFI_2025/TFM_AFI_2025/mynotes/images//afi_logo.png>] (./mai
n.toc
LaTeX Font Info:    External font `cmex10' loaded for size
(Font)              <12> on input line 4.
LaTeX Font Info:    External font `cmex10' loaded for size
(Font)              <8> on input line 4.
LaTeX Font Info:    External font `cmex10' loaded for size
(Font)              <6> on input line 4.
 [2])
\tf@toc=\write4
\openout4 = `main.toc'.

 [3] (./main.lof [4] [5])
\tf@lof=\write5
\openout5 = `main.lof'.

 [6] (./main.lot)
\tf@lot=\write6
\openout6 = `main.lot'.

 [7] [8]
Overfull \hbox (0.45935pt too wide) in paragraph at lines 97--98
[]\OT1/cmr/m/n/10.95 Estados Unidos, como prin-ci-pal mer-cado de con-sumo, y C
hina, como fuente de pre-cur-sores qu^^S^^Pmicos
 []

[9] [10] [11] [12] [13] [14] [15]
LaTeX Font Info:    External font `cmex10' loaded for size
(Font)              <10.95> on input line 233.
 [16]
</home/gonzalopc/Documentos/programas_mios/TFM_AFI_2025/TFM_AFI_2025/mynotes/im
ages//map_cluster_1.png, id=523, 811.53188pt x 451.6875pt>
File: /home/gonzalopc/Documentos/programas_mios/TFM_AFI_2025/TFM_AFI_2025/mynot
es/images//map_cluster_1.png Graphic file (type png)
<use /home/gonzalopc/Documentos/programas_mios/TFM_AFI_2025/TFM_AFI_2025/mynote
s/images//map_cluster_1.png>
Package pdftex.def Info: /home/gonzalopc/Documentos/programas_mios/TFM_AFI_2025
/TFM_AFI_2025/mynotes/images//map_cluster_1.png  used on input line 248.
(pdftex.def)             Requested size: 241.84842pt x 134.6113pt.
</home/gonzalopc/Documentos/programas_mios/TFM_AFI_2025/TFM_AFI_2025/mynotes/im
ages//map_cluster_2.png, id=532, 1401.235pt x 787.94376pt>
File: /home/gonzalopc/Documentos/programas_mios/TFM_AFI_2025/TFM_AFI_2025/mynot
es/images//map_cluster_2.png Graphic file (type png)
<use /home/gonzalopc/Documentos/programas_mios/TFM_AFI_2025/TFM_AFI_2025/mynote
s/images//map_cluster_2.png>
Package pdftex.def Info: /home/gonzalopc/Documentos/programas_mios/TFM_AFI_2025
/TFM_AFI_2025/mynotes/images//map_cluster_2.png  used on input line 260.
(pdftex.def)             Requested size: 386.95894pt x 217.59294pt.
 [17 </home/gonzalopc/Documentos/programas_mios/TFM_AFI_2025/TFM_AFI_2025/mynot
es/images//map_cluster_1.png> </home/gonzalopc/Documentos/programas_mios/TFM_AF
I_2025/TFM_AFI_2025/mynotes/images//map_cluster_2.png>]
</home/gonzalopc/Documentos/programas_mios/TFM_AFI_2025/TFM_AFI_2025/mynotes/im
ages//map_cluster_3.png, id=543, 648.92438pt x 451.6875pt>
File: /home/gonzalopc/Documentos/programas_mios/TFM_AFI_2025/TFM_AFI_2025/mynot
es/images//map_cluster_3.png Graphic file (type png)
<use /home/gonzalopc/Documentos/programas_mios/TFM_AFI_2025/TFM_AFI_2025/mynote
s/images//map_cluster_3.png>
Package pdftex.def Info: /home/gonzalopc/Documentos/programas_mios/TFM_AFI_2025
/TFM_AFI_2025/mynotes/images//map_cluster_3.png  used on input line 268.
(pdftex.def)             Requested size: 241.84842pt x 168.33478pt.
</home/gonzalopc/Documentos/programas_mios/TFM_AFI_2025/TFM_AFI_2025/mynotes/im
ages//cbp_ny_ori.png, id=558, 1109.14375pt x 215.80624pt>
File: /home/gonzalopc/Documentos/programas_mios/TFM_AFI_2025/TFM_AFI_2025/mynot
es/images//cbp_ny_ori.png Graphic file (type png)
<use /home/gonzalopc/Documentos/programas_mios/TFM_AFI_2025/TFM_AFI_2025/mynote
s/images//cbp_ny_ori.png>
Package pdftex.def Info: /home/gonzalopc/Documentos/programas_mios/TFM_AFI_2025
/TFM_AFI_2025/mynotes/images//cbp_ny_ori.png  used on input line 283.
(pdftex.def)             Requested size: 483.69684pt x 94.11205pt.

Overfull \hbox (31.06383pt too wide) in paragraph at lines 282--284
 []|  [] 
 []

[18 </home/gonzalopc/Documentos/programas_mios/TFM_AFI_2025/TFM_AFI_2025/mynote
s/images//map_cluster_3.png> </home/gonzalopc/Documentos/programas_mios/TFM_AFI
_2025/TFM_AFI_2025/mynotes/images//cbp_ny_ori.png>]
Underfull \hbox (badness 2726) in paragraph at lines 303--304
[]\OT1/cmr/m/n/12 Office of Field Op-
 []


Underfull \hbox (badness 10000) in paragraph at lines 303--304
\OT1/cmr/m/n/12 er-a-tions (OFO),
 []


Underfull \hbox (badness 10000) in paragraph at lines 303--304
\OT1/cmr/m/n/12 U.S. Bor-der Pa-trol
 []


Underfull \hbox (badness 10000) in paragraph at lines 303--304
\OT1/cmr/m/n/12 (USBP), Air and
 []


Underfull \hbox (badness 10000) in paragraph at lines 303--304
\OT1/cmr/m/n/12 Ma-rine Op-er-a-tions
 []


Underfull \hbox (badness 10000) in paragraph at lines 305--306
[]\OT1/cmr/m/n/12 Coastal/Interior,
 []


Underfull \hbox (badness 10000) in paragraph at lines 305--306
\OT1/cmr/m/n/12 North-ern Bor-der,
 []


Underfull \hbox (badness 1038) in paragraph at lines 309--310
[]\OT1/cmr/m/n/12 Atlanta Field Of-fice,
 []


Underfull \hbox (badness 10000) in paragraph at lines 309--310
\OT1/cmr/m/n/12 Big Bend Sec-tor,
 []


Underfull \hbox (badness 10000) in paragraph at lines 311--312
[]\OT1/cmr/m/n/12 Cocaine, Fen-tanyl,
 []


Overfull \hbox (186.16226pt too wide) in paragraph at lines 295--318
 [][] 
 []


Overfull \hbox (18.61812pt too wide) in paragraph at lines 330--331
[]\OT1/cmr/m/n/10.95 Un peque~no frag-mento de c^^Sodigo con dichas trans-for-m
a-ciones (para el caso par-tic-u-lar de Newark/Nueva
 []

[19]
Overfull \hbox (62.4285pt too wide) in paragraph at lines 364--364
[]\OT1/cmtt/m/n/10.95 drug_seizures_wide=pd.pivot_table(drug_seizures_combined,
index=['Date','latitude','longitude'],[] 
 []


Overfull \hbox (6.34886pt too wide) in paragraph at lines 388--403
 [] 
 []

[20] [21] [22] [23]
Overfull \hbox (1.0978pt too wide) in paragraph at lines 524--536
 [] 
 []

[24]
</home/gonzalopc/Documentos/programas_mios/TFM_AFI_2025/TFM_AFI_2025/mynotes/im
ages//graph_ratios_1.png, id=632, 1284.8pt x 963.6pt>
File: /home/gonzalopc/Documentos/programas_mios/TFM_AFI_2025/TFM_AFI_2025/mynot
es/images//graph_ratios_1.png Graphic file (type png)
<use /home/gonzalopc/Documentos/programas_mios/TFM_AFI_2025/TFM_AFI_2025/mynote
s/images//graph_ratios_1.png>
Package pdftex.def Info: /home/gonzalopc/Documentos/programas_mios/TFM_AFI_2025
/TFM_AFI_2025/mynotes/images//graph_ratios_1.png  used on input line 555.
(pdftex.def)             Requested size: 386.95894pt x 290.21439pt.
</home/gonzalopc/Documentos/programas_mios/TFM_AFI_2025/TFM_AFI_2025/mynotes/im
ages//graph_ratios_2.png, id=635, 1284.8pt x 963.6pt>
File: /home/gonzalopc/Documentos/programas_mios/TFM_AFI_2025/TFM_AFI_2025/mynot
es/images//graph_ratios_2.png Graphic file (type png)
<use /home/gonzalopc/Documentos/programas_mios/TFM_AFI_2025/TFM_AFI_2025/mynote
s/images//graph_ratios_2.png>
Package pdftex.def Info: /home/gonzalopc/Documentos/programas_mios/TFM_AFI_2025
/TFM_AFI_2025/mynotes/images//graph_ratios_2.png  used on input line 564.
(pdftex.def)             Requested size: 362.77263pt x 272.07048pt.
 [25 </home/gonzalopc/Documentos/programas_mios/TFM_AFI_2025/TFM_AFI_2025/mynot
es/images//graph_ratios_1.png (PNG copy)>]
</home/gonzalopc/Documentos/programas_mios/TFM_AFI_2025/TFM_AFI_2025/mynotes/im
ages//graph_ratios_3.png, id=641, 1284.8pt x 963.6pt>
File: /home/gonzalopc/Documentos/programas_mios/TFM_AFI_2025/TFM_AFI_2025/mynot
es/images//graph_ratios_3.png Graphic file (type png)
<use /home/gonzalopc/Documentos/programas_mios/TFM_AFI_2025/TFM_AFI_2025/mynote
s/images//graph_ratios_3.png>
Package pdftex.def Info: /home/gonzalopc/Documentos/programas_mios/TFM_AFI_2025
/TFM_AFI_2025/mynotes/images//graph_ratios_3.png  used on input line 571.
(pdftex.def)             Requested size: 362.77263pt x 272.07048pt.
</home/gonzalopc/Documentos/programas_mios/TFM_AFI_2025/TFM_AFI_2025/mynotes/im
ages//graph_ratios_4.png, id=643, 1284.8pt x 963.6pt>
File: /home/gonzalopc/Documentos/programas_mios/TFM_AFI_2025/TFM_AFI_2025/mynot
es/images//graph_ratios_4.png Graphic file (type png)
<use /home/gonzalopc/Documentos/programas_mios/TFM_AFI_2025/TFM_AFI_2025/mynote
s/images//graph_ratios_4.png>
Package pdftex.def Info: /home/gonzalopc/Documentos/programas_mios/TFM_AFI_2025
/TFM_AFI_2025/mynotes/images//graph_ratios_4.png  used on input line 580.
(pdftex.def)             Requested size: 362.77263pt x 272.07048pt.
 [26 </home/gonzalopc/Documentos/programas_mios/TFM_AFI_2025/TFM_AFI_2025/mynot
es/images//graph_ratios_2.png (PNG copy)> </home/gonzalopc/Documentos/programas
_mios/TFM_AFI_2025/TFM_AFI_2025/mynotes/images//graph_ratios_3.png (PNG copy)>]
</home/gonzalopc/Documentos/programas_mios/TFM_AFI_2025/TFM_AFI_2025/mynotes/im
ages//map_bubble_5.png, id=651, 996.72375pt x 451.6875pt>
File: /home/gonzalopc/Documentos/programas_mios/TFM_AFI_2025/TFM_AFI_2025/mynot
es/images//map_bubble_5.png Graphic file (type png)
<use /home/gonzalopc/Documentos/programas_mios/TFM_AFI_2025/TFM_AFI_2025/mynote
s/images//map_bubble_5.png>
Package pdftex.def Info: /home/gonzalopc/Documentos/programas_mios/TFM_AFI_2025
/TFM_AFI_2025/mynotes/images//map_bubble_5.png  used on input line 603.
(pdftex.def)             Requested size: 483.69684pt x 219.19223pt.

Overfull \hbox (31.06383pt too wide) in paragraph at lines 602--604
 []|  [] 
 []

[27 </home/gonzalopc/Documentos/programas_mios/TFM_AFI_2025/TFM_AFI_2025/mynote
s/images//graph_ratios_4.png (PNG copy)>]
</home/gonzalopc/Documentos/programas_mios/TFM_AFI_2025/TFM_AFI_2025/mynotes/im
ages//map_bubble_6.png, id=658, 996.72375pt x 451.6875pt>
File: /home/gonzalopc/Documentos/programas_mios/TFM_AFI_2025/TFM_AFI_2025/mynot
es/images//map_bubble_6.png Graphic file (type png)
<use /home/gonzalopc/Documentos/programas_mios/TFM_AFI_2025/TFM_AFI_2025/mynote
s/images//map_bubble_6.png>
Package pdftex.def Info: /home/gonzalopc/Documentos/programas_mios/TFM_AFI_2025
/TFM_AFI_2025/mynotes/images//map_bubble_6.png  used on input line 612.
(pdftex.def)             Requested size: 483.69684pt x 219.19223pt.

Overfull \hbox (31.06383pt too wide) in paragraph at lines 611--613
 []|  [] 
 []

[28 </home/gonzalopc/Documentos/programas_mios/TFM_AFI_2025/TFM_AFI_2025/mynote
s/images//map_bubble_5.png (PNG copy)> </home/gonzalopc/Documentos/programas_mi
os/TFM_AFI_2025/TFM_AFI_2025/mynotes/images//map_bubble_6.png (PNG copy)>]
</home/gonzalopc/Documentos/programas_mios/TFM_AFI_2025/TFM_AFI_2025/mynotes/im
ages//timeseries_1.png, id=674, 1284.8pt x 963.6pt>
File: /home/gonzalopc/Documentos/programas_mios/TFM_AFI_2025/TFM_AFI_2025/mynot
es/images//timeseries_1.png Graphic file (type png)
<use /home/gonzalopc/Documentos/programas_mios/TFM_AFI_2025/TFM_AFI_2025/mynote
s/images//timeseries_1.png>
Package pdftex.def Info: /home/gonzalopc/Documentos/programas_mios/TFM_AFI_2025
/TFM_AFI_2025/mynotes/images//timeseries_1.png  used on input line 639.
(pdftex.def)             Requested size: 386.95894pt x 290.21439pt.

[29]
</home/gonzalopc/Documentos/programas_mios/TFM_AFI_2025/TFM_AFI_2025/mynotes/im
ages//timeseries_2.png, id=683, 1284.8pt x 963.6pt>
File: /home/gonzalopc/Documentos/programas_mios/TFM_AFI_2025/TFM_AFI_2025/mynot
es/images//timeseries_2.png Graphic file (type png)
<use /home/gonzalopc/Documentos/programas_mios/TFM_AFI_2025/TFM_AFI_2025/mynote
s/images//timeseries_2.png>
Package pdftex.def Info: /home/gonzalopc/Documentos/programas_mios/TFM_AFI_2025
/TFM_AFI_2025/mynotes/images//timeseries_2.png  used on input line 646.
(pdftex.def)             Requested size: 386.95894pt x 290.21439pt.
</home/gonzalopc/Documentos/programas_mios/TFM_AFI_2025/TFM_AFI_2025/mynotes/im
ages//timeseries_6.png, id=684, 1284.8pt x 963.6pt>
File: /home/gonzalopc/Documentos/programas_mios/TFM_AFI_2025/TFM_AFI_2025/mynot
es/images//timeseries_6.png Graphic file (type png)
<use /home/gonzalopc/Documentos/programas_mios/TFM_AFI_2025/TFM_AFI_2025/mynote
s/images//timeseries_6.png>
Package pdftex.def Info: /home/gonzalopc/Documentos/programas_mios/TFM_AFI_2025
/TFM_AFI_2025/mynotes/images//timeseries_6.png  used on input line 655.
(pdftex.def)             Requested size: 386.95894pt x 290.21439pt.
 [30 </home/gonzalopc/Documentos/programas_mios/TFM_AFI_2025/TFM_AFI_2025/mynot
es/images//timeseries_1.png (PNG copy)> </home/gonzalopc/Documentos/programas_m
ios/TFM_AFI_2025/TFM_AFI_2025/mynotes/images//timeseries_2.png (PNG copy)>]
</home/gonzalopc/Documentos/programas_mios/TFM_AFI_2025/TFM_AFI_2025/mynotes/im
ages//timeseries_7.png, id=692, 1284.8pt x 963.6pt>
File: /home/gonzalopc/Documentos/programas_mios/TFM_AFI_2025/TFM_AFI_2025/mynot
es/images//timeseries_7.png Graphic file (type png)
<use /home/gonzalopc/Documentos/programas_mios/TFM_AFI_2025/TFM_AFI_2025/mynote
s/images//timeseries_7.png>
Package pdftex.def Info: /home/gonzalopc/Documentos/programas_mios/TFM_AFI_2025
/TFM_AFI_2025/mynotes/images//timeseries_7.png  used on input line 664.
(pdftex.def)             Requested size: 386.95894pt x 290.21439pt.
</home/gonzalopc/Documentos/programas_mios/TFM_AFI_2025/TFM_AFI_2025/mynotes/im
ages//timeseries_8.png, id=693, 1284.8pt x 963.6pt>
File: /home/gonzalopc/Documentos/programas_mios/TFM_AFI_2025/TFM_AFI_2025/mynot
es/images//timeseries_8.png Graphic file (type png)
<use /home/gonzalopc/Documentos/programas_mios/TFM_AFI_2025/TFM_AFI_2025/mynote
s/images//timeseries_8.png>
Package pdftex.def Info: /home/gonzalopc/Documentos/programas_mios/TFM_AFI_2025
/TFM_AFI_2025/mynotes/images//timeseries_8.png  used on input line 671.
(pdftex.def)             Requested size: 386.95894pt x 290.21439pt.
[31 </home/gonzalopc/Documentos/programas_mios/TFM_AFI_2025/TFM_AFI_2025/mynote
s/images//timeseries_6.png (PNG copy)> </home/gonzalopc/Documentos/programas_mi
os/TFM_AFI_2025/TFM_AFI_2025/mynotes/images//timeseries_7.png (PNG copy)>]
</home/gonzalopc/Documentos/programas_mios/TFM_AFI_2025/TFM_AFI_2025/mynotes/im
ages//timeseries_9.png, id=700, 1284.8pt x 963.6pt>
File: /home/gonzalopc/Documentos/programas_mios/TFM_AFI_2025/TFM_AFI_2025/mynot
es/images//timeseries_9.png Graphic file (type png)
<use /home/gonzalopc/Documentos/programas_mios/TFM_AFI_2025/TFM_AFI_2025/mynote
s/images//timeseries_9.png>
Package pdftex.def Info: /home/gonzalopc/Documentos/programas_mios/TFM_AFI_2025
/TFM_AFI_2025/mynotes/images//timeseries_9.png  used on input line 680.
(pdftex.def)             Requested size: 386.95894pt x 290.21439pt.

[32 </home/gonzalopc/Documentos/programas_mios/TFM_AFI_2025/TFM_AFI_2025/mynote
s/images//timeseries_8.png (PNG copy)> </home/gonzalopc/Documentos/programas_mi
os/TFM_AFI_2025/TFM_AFI_2025/mynotes/images//timeseries_9.png (PNG copy)>]
</home/gonzalopc/Documentos/programas_mios/TFM_AFI_2025/TFM_AFI_2025/mynotes/im
ages//hist_1.png, id=707, 627.09282pt x 411.78844pt>
File: /home/gonzalopc/Documentos/programas_mios/TFM_AFI_2025/TFM_AFI_2025/mynot
es/images//hist_1.png Graphic file (type png)
<use /home/gonzalopc/Documentos/programas_mios/TFM_AFI_2025/TFM_AFI_2025/mynote
s/images//hist_1.png>
Package pdftex.def Info: /home/gonzalopc/Documentos/programas_mios/TFM_AFI_2025
/TFM_AFI_2025/mynotes/images//hist_1.png  used on input line 692.
(pdftex.def)             Requested size: 386.95894pt x 254.11234pt.
</home/gonzalopc/Documentos/programas_mios/TFM_AFI_2025/TFM_AFI_2025/mynotes/im
ages//hist_2.png, id=708, 627.09282pt x 411.78844pt>
File: /home/gonzalopc/Documentos/programas_mios/TFM_AFI_2025/TFM_AFI_2025/mynot
es/images//hist_2.png Graphic file (type png)
<use /home/gonzalopc/Documentos/programas_mios/TFM_AFI_2025/TFM_AFI_2025/mynote
s/images//hist_2.png>
Package pdftex.def Info: /home/gonzalopc/Documentos/programas_mios/TFM_AFI_2025
/TFM_AFI_2025/mynotes/images//hist_2.png  used on input line 699.
(pdftex.def)             Requested size: 386.95894pt x 254.11234pt.
</home/gonzalopc/Documentos/programas_mios/TFM_AFI_2025/TFM_AFI_2025/mynotes/im
ages//hist_3.png, id=710, 633.11531pt x 411.78844pt>
File: /home/gonzalopc/Documentos/programas_mios/TFM_AFI_2025/TFM_AFI_2025/mynot
es/images//hist_3.png Graphic file (type png)
<use /home/gonzalopc/Documentos/programas_mios/TFM_AFI_2025/TFM_AFI_2025/mynote
s/images//hist_3.png>
Package pdftex.def Info: /home/gonzalopc/Documentos/programas_mios/TFM_AFI_2025
/TFM_AFI_2025/mynotes/images//hist_3.png  used on input line 708.
(pdftex.def)             Requested size: 386.95894pt x 251.68695pt.

[33 </home/gonzalopc/Documentos/programas_mios/TFM_AFI_2025/TFM_AFI_2025/mynote
s/images//hist_1.png> </home/gonzalopc/Documentos/programas_mios/TFM_AFI_2025/T
FM_AFI_2025/mynotes/images//hist_2.png>]
</home/gonzalopc/Documentos/programas_mios/TFM_AFI_2025/TFM_AFI_2025/mynotes/im
ages//matrix_corr_1.png, id=719, 850.17625pt x 683.55376pt>
File: /home/gonzalopc/Documentos/programas_mios/TFM_AFI_2025/TFM_AFI_2025/mynot
es/images//matrix_corr_1.png Graphic file (type png)
<use /home/gonzalopc/Documentos/programas_mios/TFM_AFI_2025/TFM_AFI_2025/mynote
s/images//matrix_corr_1.png>
Package pdftex.def Info: /home/gonzalopc/Documentos/programas_mios/TFM_AFI_2025
/TFM_AFI_2025/mynotes/images//matrix_corr_1.png  used on input line 723.
(pdftex.def)             Requested size: 386.95894pt x 311.12175pt.
 [34 </home/gonzalopc/Documentos/programas_mios/TFM_AFI_2025/TFM_AFI_2025/mynot
es/images//hist_3.png>]
</home/gonzalopc/Documentos/programas_mios/TFM_AFI_2025/TFM_AFI_2025/mynotes/im
ages//matrix_corr_2.png, id=725, 850.17625pt x 683.55376pt>
File: /home/gonzalopc/Documentos/programas_mios/TFM_AFI_2025/TFM_AFI_2025/mynot
es/images//matrix_corr_2.png Graphic file (type png)
<use /home/gonzalopc/Documentos/programas_mios/TFM_AFI_2025/TFM_AFI_2025/mynote
s/images//matrix_corr_2.png>
Package pdftex.def Info: /home/gonzalopc/Documentos/programas_mios/TFM_AFI_2025
/TFM_AFI_2025/mynotes/images//matrix_corr_2.png  used on input line 730.
(pdftex.def)             Requested size: 386.95894pt x 311.12175pt.
 [35 </home/gonzalopc/Documentos/programas_mios/TFM_AFI_2025/TFM_AFI_2025/mynot
es/images//matrix_corr_1.png (PNG copy)> </home/gonzalopc/Documentos/programas_
mios/TFM_AFI_2025/TFM_AFI_2025/mynotes/images//matrix_corr_2.png (PNG copy)>]
</home/gonzalopc/Documentos/programas_mios/TFM_AFI_2025/TFM_AFI_2025/mynotes/im
ages//matrix_corr_4.png, id=731, 620.7993pt x 560.8152pt>
File: /home/gonzalopc/Documentos/programas_mios/TFM_AFI_2025/TFM_AFI_2025/mynot
es/images//matrix_corr_4.png Graphic file (type png)
<use /home/gonzalopc/Documentos/programas_mios/TFM_AFI_2025/TFM_AFI_2025/mynote
s/images//matrix_corr_4.png>
Package pdftex.def Info: /home/gonzalopc/Documentos/programas_mios/TFM_AFI_2025
/TFM_AFI_2025/mynotes/images//matrix_corr_4.png  used on input line 739.
(pdftex.def)             Requested size: 338.5863pt x 305.87355pt.
</home/gonzalopc/Documentos/programas_mios/TFM_AFI_2025/TFM_AFI_2025/mynotes/im
ages//total_teus_ports.png, id=734, 925.20656pt x 694.09312pt>
File: /home/gonzalopc/Documentos/programas_mios/TFM_AFI_2025/TFM_AFI_2025/mynot
es/images//total_teus_ports.png Graphic file (type png)
<use /home/gonzalopc/Documentos/programas_mios/TFM_AFI_2025/TFM_AFI_2025/mynote
s/images//total_teus_ports.png>
Package pdftex.def Info: /home/gonzalopc/Documentos/programas_mios/TFM_AFI_2025
/TFM_AFI_2025/mynotes/images//total_teus_ports.png  used on input line 753.
(pdftex.def)             Requested size: 386.95894pt x 290.29916pt.
 [36 </home/gonzalopc/Documentos/programas_mios/TFM_AFI_2025/TFM_AFI_2025/mynot
es/images//matrix_corr_4.png>]
</home/gonzalopc/Documentos/programas_mios/TFM_AFI_2025/TFM_AFI_2025/mynotes/im
ages//loaded_vs_imports_ports.png, id=743, 1328.965pt x 747.79375pt>
File: /home/gonzalopc/Documentos/programas_mios/TFM_AFI_2025/TFM_AFI_2025/mynot
es/images//loaded_vs_imports_ports.png Graphic file (type png)
<use /home/gonzalopc/Documentos/programas_mios/TFM_AFI_2025/TFM_AFI_2025/mynote
s/images//loaded_vs_imports_ports.png>
Package pdftex.def Info: /home/gonzalopc/Documentos/programas_mios/TFM_AFI_2025
/TFM_AFI_2025/mynotes/images//loaded_vs_imports_ports.png  used on input line 7
64.
(pdftex.def)             Requested size: 386.95894pt x 217.73323pt.
</home/gonzalopc/Documentos/programas_mios/TFM_AFI_2025/TFM_AFI_2025/mynotes/im
ages//map_bubble_1.png, id=744, 996.72375pt x 451.6875pt>
File: /home/gonzalopc/Documentos/programas_mios/TFM_AFI_2025/TFM_AFI_2025/mynot
es/images//map_bubble_1.png Graphic file (type png)
<use /home/gonzalopc/Documentos/programas_mios/TFM_AFI_2025/TFM_AFI_2025/mynote
s/images//map_bubble_1.png>
Package pdftex.def Info: /home/gonzalopc/Documentos/programas_mios/TFM_AFI_2025
/TFM_AFI_2025/mynotes/images//map_bubble_1.png  used on input line 772.
(pdftex.def)             Requested size: 483.69684pt x 219.19223pt.

Overfull \hbox (31.06383pt too wide) in paragraph at lines 771--773
 []|  [] 
 []

[37 </home/gonzalopc/Documentos/programas_mios/TFM_AFI_2025/TFM_AFI_2025/mynote
s/images//total_teus_ports.png> </home/gonzalopc/Documentos/programas_mios/TFM_
AFI_2025/TFM_AFI_2025/mynotes/images//loaded_vs_imports_ports.png>]
</home/gonzalopc/Documentos/programas_mios/TFM_AFI_2025/TFM_AFI_2025/mynotes/im
ages//map_bubble_2.png, id=751, 996.72375pt x 451.6875pt>
File: /home/gonzalopc/Documentos/programas_mios/TFM_AFI_2025/TFM_AFI_2025/mynot
es/images//map_bubble_2.png Graphic file (type png)
<use /home/gonzalopc/Documentos/programas_mios/TFM_AFI_2025/TFM_AFI_2025/mynote
s/images//map_bubble_2.png>
Package pdftex.def Info: /home/gonzalopc/Documentos/programas_mios/TFM_AFI_2025
/TFM_AFI_2025/mynotes/images//map_bubble_2.png  used on input line 783.
(pdftex.def)             Requested size: 483.69684pt x 219.19223pt.

Overfull \hbox (31.06383pt too wide) in paragraph at lines 782--784
 []|  [] 
 []

</home/gonzalopc/Documentos/programas_mios/TFM_AFI_2025/TFM_AFI_2025/mynotes/im
ages//map_bubble_3.png, id=752, 996.72375pt x 451.6875pt>
File: /home/gonzalopc/Documentos/programas_mios/TFM_AFI_2025/TFM_AFI_2025/mynot
es/images//map_bubble_3.png Graphic file (type png)
<use /home/gonzalopc/Documentos/programas_mios/TFM_AFI_2025/TFM_AFI_2025/mynote
s/images//map_bubble_3.png>
Package pdftex.def Info: /home/gonzalopc/Documentos/programas_mios/TFM_AFI_2025
/TFM_AFI_2025/mynotes/images//map_bubble_3.png  used on input line 790.
(pdftex.def)             Requested size: 483.69684pt x 219.19223pt.

Overfull \hbox (31.06383pt too wide) in paragraph at lines 789--791
 []|  [] 
 []

[38 </home/gonzalopc/Documentos/programas_mios/TFM_AFI_2025/TFM_AFI_2025/mynote
s/images//map_bubble_1.png (PNG copy)> </home/gonzalopc/Documentos/programas_mi
os/TFM_AFI_2025/TFM_AFI_2025/mynotes/images//map_bubble_2.png (PNG copy)>]
</home/gonzalopc/Documentos/programas_mios/TFM_AFI_2025/TFM_AFI_2025/mynotes/im
ages//map_bubble_4.png, id=757, 996.72375pt x 451.6875pt>
File: /home/gonzalopc/Documentos/programas_mios/TFM_AFI_2025/TFM_AFI_2025/mynot
es/images//map_bubble_4.png Graphic file (type png)
<use /home/gonzalopc/Documentos/programas_mios/TFM_AFI_2025/TFM_AFI_2025/mynote
s/images//map_bubble_4.png>
Package pdftex.def Info: /home/gonzalopc/Documentos/programas_mios/TFM_AFI_2025
/TFM_AFI_2025/mynotes/images//map_bubble_4.png  used on input line 797.
(pdftex.def)             Requested size: 483.69684pt x 219.19223pt.

Overfull \hbox (31.06383pt too wide) in paragraph at lines 796--798
 []|  [] 
 []

File: /home/gonzalopc/Documentos/programas_mios/TFM_AFI_2025/TFM_AFI_2025/mynot
es/images//map_bubble_6.png Graphic file (type png)
<use /home/gonzalopc/Documentos/programas_mios/TFM_AFI_2025/TFM_AFI_2025/mynote
s/images//map_bubble_6.png>
Package pdftex.def Info: /home/gonzalopc/Documentos/programas_mios/TFM_AFI_2025
/TFM_AFI_2025/mynotes/images//map_bubble_6.png  used on input line 808.
(pdftex.def)             Requested size: 483.69684pt x 219.19223pt.

Overfull \hbox (31.06383pt too wide) in paragraph at lines 807--809
 []|  [] 
 []

[39 </home/gonzalopc/Documentos/programas_mios/TFM_AFI_2025/TFM_AFI_2025/mynote
s/images//map_bubble_3.png (PNG copy)> </home/gonzalopc/Documentos/programas_mi
os/TFM_AFI_2025/TFM_AFI_2025/mynotes/images//map_bubble_4.png (PNG copy)>]
[40] [41]
Overfull \hbox (33.68506pt too wide) in paragraph at lines 904--904
[]\OT1/cmtt/m/n/10.95 impute_value_imports = round((missing_total * prop_import
s)/data['Loaded Imports'].isna().[] 
 []


Overfull \hbox (33.68506pt too wide) in paragraph at lines 904--904
[]\OT1/cmtt/m/n/10.95 impute_value_exports = round((missing_total * prop_export
s)/data['Loaded Exports'].isna().[] 
 []

[42]
</home/gonzalopc/Documentos/programas_mios/TFM_AFI_2025/TFM_AFI_2025/mynotes/im
ages//boxplot_1.png, id=794, 836.12375pt x 549.05125pt>
File: /home/gonzalopc/Documentos/programas_mios/TFM_AFI_2025/TFM_AFI_2025/mynot
es/images//boxplot_1.png Graphic file (type png)
<use /home/gonzalopc/Documentos/programas_mios/TFM_AFI_2025/TFM_AFI_2025/mynote
s/images//boxplot_1.png>
Package pdftex.def Info: /home/gonzalopc/Documentos/programas_mios/TFM_AFI_2025
/TFM_AFI_2025/mynotes/images//boxplot_1.png  used on input line 924.
(pdftex.def)             Requested size: 483.69684pt x 317.62892pt.

Overfull \hbox (31.06383pt too wide) in paragraph at lines 923--925
 []|  [] 
 []

</home/gonzalopc/Documentos/programas_mios/TFM_AFI_2025/TFM_AFI_2025/mynotes/im
ages//boxplot_3.png, id=795, 856.19875pt x 549.05125pt>
File: /home/gonzalopc/Documentos/programas_mios/TFM_AFI_2025/TFM_AFI_2025/mynot
es/images//boxplot_3.png Graphic file (type png)
<use /home/gonzalopc/Documentos/programas_mios/TFM_AFI_2025/TFM_AFI_2025/mynote
s/images//boxplot_3.png>
Package pdftex.def Info: /home/gonzalopc/Documentos/programas_mios/TFM_AFI_2025
/TFM_AFI_2025/mynotes/images//boxplot_3.png  used on input line 931.
(pdftex.def)             Requested size: 483.69684pt x 310.18102pt.

Overfull \hbox (31.06383pt too wide) in paragraph at lines 930--932
 []|  [] 
 []

[43 </home/gonzalopc/Documentos/programas_mios/TFM_AFI_2025/TFM_AFI_2025/mynote
s/images//boxplot_1.png (PNG copy)>]
</home/gonzalopc/Documentos/programas_mios/TFM_AFI_2025/TFM_AFI_2025/mynotes/im
ages//boxplot_4.png, id=801, 627.09282pt x 411.78844pt>
File: /home/gonzalopc/Documentos/programas_mios/TFM_AFI_2025/TFM_AFI_2025/mynot
es/images//boxplot_4.png Graphic file (type png)
<use /home/gonzalopc/Documentos/programas_mios/TFM_AFI_2025/TFM_AFI_2025/mynote
s/images//boxplot_4.png>
Package pdftex.def Info: /home/gonzalopc/Documentos/programas_mios/TFM_AFI_2025
/TFM_AFI_2025/mynotes/images//boxplot_4.png  used on input line 938.
(pdftex.def)             Requested size: 483.69684pt x 317.63728pt.

Overfull \hbox (31.06383pt too wide) in paragraph at lines 937--939
 []|  [] 
 []

</home/gonzalopc/Documentos/programas_mios/TFM_AFI_2025/TFM_AFI_2025/mynotes/im
ages//boxplot_2.png, id=802, 856.19875pt x 549.05125pt>
File: /home/gonzalopc/Documentos/programas_mios/TFM_AFI_2025/TFM_AFI_2025/mynot
es/images//boxplot_2.png Graphic file (type png)
<use /home/gonzalopc/Documentos/programas_mios/TFM_AFI_2025/TFM_AFI_2025/mynote
s/images//boxplot_2.png>
Package pdftex.def Info: /home/gonzalopc/Documentos/programas_mios/TFM_AFI_2025
/TFM_AFI_2025/mynotes/images//boxplot_2.png  used on input line 945.
(pdftex.def)             Requested size: 483.69684pt x 310.18102pt.

Overfull \hbox (31.06383pt too wide) in paragraph at lines 944--946
 []|  [] 
 []

[44 </home/gonzalopc/Documentos/programas_mios/TFM_AFI_2025/TFM_AFI_2025/mynote
s/images//boxplot_3.png (PNG copy)> </home/gonzalopc/Documentos/programas_mios/
TFM_AFI_2025/TFM_AFI_2025/mynotes/images//boxplot_4.png>]
</home/gonzalopc/Documentos/programas_mios/TFM_AFI_2025/TFM_AFI_2025/mynotes/im
ages//st_ratios_1.png, id=812, 1284.8pt x 963.6pt>
File: /home/gonzalopc/Documentos/programas_mios/TFM_AFI_2025/TFM_AFI_2025/mynot
es/images//st_ratios_1.png Graphic file (type png)
<use /home/gonzalopc/Documentos/programas_mios/TFM_AFI_2025/TFM_AFI_2025/mynote
s/images//st_ratios_1.png>
Package pdftex.def Info: /home/gonzalopc/Documentos/programas_mios/TFM_AFI_2025
/TFM_AFI_2025/mynotes/images//st_ratios_1.png  used on input line 958.
(pdftex.def)             Requested size: 362.77263pt x 272.07048pt.
 [45 </home/gonzalopc/Documentos/programas_mios/TFM_AFI_2025/TFM_AFI_2025/mynot
es/images//boxplot_2.png (PNG copy)>]
</home/gonzalopc/Documentos/programas_mios/TFM_AFI_2025/TFM_AFI_2025/mynotes/im
ages//st_ratios_2.png, id=818, 1284.8pt x 963.6pt>
File: /home/gonzalopc/Documentos/programas_mios/TFM_AFI_2025/TFM_AFI_2025/mynot
es/images//st_ratios_2.png Graphic file (type png)
<use /home/gonzalopc/Documentos/programas_mios/TFM_AFI_2025/TFM_AFI_2025/mynote
s/images//st_ratios_2.png>
Package pdftex.def Info: /home/gonzalopc/Documentos/programas_mios/TFM_AFI_2025
/TFM_AFI_2025/mynotes/images//st_ratios_2.png  used on input line 967.
(pdftex.def)             Requested size: 362.77263pt x 272.07048pt.
 [46 </home/gonzalopc/Documentos/programas_mios/TFM_AFI_2025/TFM_AFI_2025/mynot
es/images//st_ratios_1.png (PNG copy)> </home/gonzalopc/Documentos/programas_mi
os/TFM_AFI_2025/TFM_AFI_2025/mynotes/images//st_ratios_2.png (PNG copy)>]
</home/gonzalopc/Documentos/programas_mios/TFM_AFI_2025/TFM_AFI_2025/mynotes/im
ages//st_ratios_3.png, id=824, 1284.8pt x 963.6pt>
File: /home/gonzalopc/Documentos/programas_mios/TFM_AFI_2025/TFM_AFI_2025/mynot
es/images//st_ratios_3.png Graphic file (type png)
<use /home/gonzalopc/Documentos/programas_mios/TFM_AFI_2025/TFM_AFI_2025/mynote
s/images//st_ratios_3.png>
Package pdftex.def Info: /home/gonzalopc/Documentos/programas_mios/TFM_AFI_2025
/TFM_AFI_2025/mynotes/images//st_ratios_3.png  used on input line 978.
(pdftex.def)             Requested size: 338.5863pt x 253.94127pt.
</home/gonzalopc/Documentos/programas_mios/TFM_AFI_2025/TFM_AFI_2025/mynotes/im
ages//qqplots_1.png, id=827, 425.33907pt x 342.5297pt>
File: /home/gonzalopc/Documentos/programas_mios/TFM_AFI_2025/TFM_AFI_2025/mynot
es/images//qqplots_1.png Graphic file (type png)
<use /home/gonzalopc/Documentos/programas_mios/TFM_AFI_2025/TFM_AFI_2025/mynote
s/images//qqplots_1.png>
Package pdftex.def Info: /home/gonzalopc/Documentos/programas_mios/TFM_AFI_2025
/TFM_AFI_2025/mynotes/images//qqplots_1.png  used on input line 994.
(pdftex.def)             Requested size: 338.5863pt x 272.6809pt.
 [47 </home/gonzalopc/Documentos/programas_mios/TFM_AFI_2025/TFM_AFI_2025/mynot
es/images//st_ratios_3.png (PNG copy)>]
</home/gonzalopc/Documentos/programas_mios/TFM_AFI_2025/TFM_AFI_2025/mynotes/im
ages//qqplots_2.png, id=832, 417.05812pt x 342.5297pt>
File: /home/gonzalopc/Documentos/programas_mios/TFM_AFI_2025/TFM_AFI_2025/mynot
es/images//qqplots_2.png Graphic file (type png)
<use /home/gonzalopc/Documentos/programas_mios/TFM_AFI_2025/TFM_AFI_2025/mynote
s/images//qqplots_2.png>
Package pdftex.def Info: /home/gonzalopc/Documentos/programas_mios/TFM_AFI_2025
/TFM_AFI_2025/mynotes/images//qqplots_2.png  used on input line 1001.
(pdftex.def)             Requested size: 338.5863pt x 278.09563pt.
</home/gonzalopc/Documentos/programas_mios/TFM_AFI_2025/TFM_AFI_2025/mynotes/im
ages//qqplots_3.png, id=834, 435.12563pt x 342.5297pt>
File: /home/gonzalopc/Documentos/programas_mios/TFM_AFI_2025/TFM_AFI_2025/mynot
es/images//qqplots_3.png Graphic file (type png)
<use /home/gonzalopc/Documentos/programas_mios/TFM_AFI_2025/TFM_AFI_2025/mynote
s/images//qqplots_3.png>
Package pdftex.def Info: /home/gonzalopc/Documentos/programas_mios/TFM_AFI_2025
/TFM_AFI_2025/mynotes/images//qqplots_3.png  used on input line 1010.
(pdftex.def)             Requested size: 338.5863pt x 266.55013pt.
 [48 </home/gonzalopc/Documentos/programas_mios/TFM_AFI_2025/TFM_AFI_2025/mynot
es/images//qqplots_1.png> </home/gonzalopc/Documentos/programas_mios/TFM_AFI_20
25/TFM_AFI_2025/mynotes/images//qqplots_2.png>]
</home/gonzalopc/Documentos/programas_mios/TFM_AFI_2025/TFM_AFI_2025/mynotes/im
ages//hist_6.png, id=843, 643.6547pt x 411.78844pt>
File: /home/gonzalopc/Documentos/programas_mios/TFM_AFI_2025/TFM_AFI_2025/mynot
es/images//hist_6.png Graphic file (type png)
<use /home/gonzalopc/Documentos/programas_mios/TFM_AFI_2025/TFM_AFI_2025/mynote
s/images//hist_6.png>
Package pdftex.def Info: /home/gonzalopc/Documentos/programas_mios/TFM_AFI_2025
/TFM_AFI_2025/mynotes/images//hist_6.png  used on input line 1021.
(pdftex.def)             Requested size: 338.5863pt x 216.61943pt.
</home/gonzalopc/Documentos/programas_mios/TFM_AFI_2025/TFM_AFI_2025/mynotes/im
ages//outliers_1.png, id=844, 963.6pt x 722.7pt>
File: /home/gonzalopc/Documentos/programas_mios/TFM_AFI_2025/TFM_AFI_2025/mynot
es/images//outliers_1.png Graphic file (type png)
<use /home/gonzalopc/Documentos/programas_mios/TFM_AFI_2025/TFM_AFI_2025/mynote
s/images//outliers_1.png>
Package pdftex.def Info: /home/gonzalopc/Documentos/programas_mios/TFM_AFI_2025
/TFM_AFI_2025/mynotes/images//outliers_1.png  used on input line 1030.
(pdftex.def)             Requested size: 483.69684pt x 362.77165pt.

Overfull \hbox (31.06383pt too wide) in paragraph at lines 1029--1031
 []|  [] 
 []

[49 </home/gonzalopc/Documentos/programas_mios/TFM_AFI_2025/TFM_AFI_2025/mynote
s/images//qqplots_3.png> </home/gonzalopc/Documentos/programas_mios/TFM_AFI_202
5/TFM_AFI_2025/mynotes/images//hist_6.png>]
Overfull \hbox (4.94162pt too wide) in paragraph at lines 1046--1046
[]\OT1/cmtt/m/n/10.95 newark_data = filtered_data[filtered_data['Hub Portuario_
name'] == 'Newark/New York'][] 
 []

</home/gonzalopc/Documentos/programas_mios/TFM_AFI_2025/TFM_AFI_2025/mynotes/im
ages//qqplots_4.png, id=854, 441.90094pt x 342.5297pt>
File: /home/gonzalopc/Documentos/programas_mios/TFM_AFI_2025/TFM_AFI_2025/mynot
es/images//qqplots_4.png Graphic file (type png)
<use /home/gonzalopc/Documentos/programas_mios/TFM_AFI_2025/TFM_AFI_2025/mynote
s/images//qqplots_4.png>
Package pdftex.def Info: /home/gonzalopc/Documentos/programas_mios/TFM_AFI_2025
/TFM_AFI_2025/mynotes/images//qqplots_4.png  used on input line 1056.
(pdftex.def)             Requested size: 386.95894pt x 299.95839pt.
[50 </home/gonzalopc/Documentos/programas_mios/TFM_AFI_2025/TFM_AFI_2025/mynote
s/images//outliers_1.png>]
</home/gonzalopc/Documentos/programas_mios/TFM_AFI_2025/TFM_AFI_2025/mynotes/im
ages//qqplots_5.png, id=860, 426.84468pt x 342.5297pt>
File: /home/gonzalopc/Documentos/programas_mios/TFM_AFI_2025/TFM_AFI_2025/mynot
es/images//qqplots_5.png Graphic file (type png)
<use /home/gonzalopc/Documentos/programas_mios/TFM_AFI_2025/TFM_AFI_2025/mynote
s/images//qqplots_5.png>
Package pdftex.def Info: /home/gonzalopc/Documentos/programas_mios/TFM_AFI_2025
/TFM_AFI_2025/mynotes/images//qqplots_5.png  used on input line 1063.
(pdftex.def)             Requested size: 386.95894pt x 310.5422pt.
</home/gonzalopc/Documentos/programas_mios/TFM_AFI_2025/TFM_AFI_2025/mynotes/im
ages//outliers_2.png, id=861, 963.6pt x 722.7pt>
File: /home/gonzalopc/Documentos/programas_mios/TFM_AFI_2025/TFM_AFI_2025/mynot
es/images//outliers_2.png Graphic file (type png)
<use /home/gonzalopc/Documentos/programas_mios/TFM_AFI_2025/TFM_AFI_2025/mynote
s/images//outliers_2.png>
Package pdftex.def Info: /home/gonzalopc/Documentos/programas_mios/TFM_AFI_2025
/TFM_AFI_2025/mynotes/images//outliers_2.png  used on input line 1070.
(pdftex.def)             Requested size: 483.69684pt x 362.77165pt.

Overfull \hbox (31.06383pt too wide) in paragraph at lines 1069--1071
 []|  [] 
 []

[51 </home/gonzalopc/Documentos/programas_mios/TFM_AFI_2025/TFM_AFI_2025/mynote
s/images//qqplots_4.png> </home/gonzalopc/Documentos/programas_mios/TFM_AFI_202
5/TFM_AFI_2025/mynotes/images//qqplots_5.png>]
</home/gonzalopc/Documentos/programas_mios/TFM_AFI_2025/TFM_AFI_2025/mynotes/im
ages//boxplot_5.png, id=869, 635.37375pt x 411.78844pt>
File: /home/gonzalopc/Documentos/programas_mios/TFM_AFI_2025/TFM_AFI_2025/mynot
es/images//boxplot_5.png Graphic file (type png)
<use /home/gonzalopc/Documentos/programas_mios/TFM_AFI_2025/TFM_AFI_2025/mynote
s/images//boxplot_5.png>
Package pdftex.def Info: /home/gonzalopc/Documentos/programas_mios/TFM_AFI_2025
/TFM_AFI_2025/mynotes/images//boxplot_5.png  used on input line 1084.
(pdftex.def)             Requested size: 435.32419pt x 282.14249pt.
 [52 </home/gonzalopc/Documentos/programas_mios/TFM_AFI_2025/TFM_AFI_2025/mynot
es/images//outliers_2.png>]
</home/gonzalopc/Documentos/programas_mios/TFM_AFI_2025/TFM_AFI_2025/mynotes/im
ages//hist_7.png, id=874, 633.11531pt x 411.78844pt>
File: /home/gonzalopc/Documentos/programas_mios/TFM_AFI_2025/TFM_AFI_2025/mynot
es/images//hist_7.png Graphic file (type png)
<use /home/gonzalopc/Documentos/programas_mios/TFM_AFI_2025/TFM_AFI_2025/mynote
s/images//hist_7.png>
Package pdftex.def Info: /home/gonzalopc/Documentos/programas_mios/TFM_AFI_2025
/TFM_AFI_2025/mynotes/images//hist_7.png  used on input line 1091.
(pdftex.def)             Requested size: 435.32419pt x 283.14783pt.
</home/gonzalopc/Documentos/programas_mios/TFM_AFI_2025/TFM_AFI_2025/mynotes/im
ages//boxplot_6.png, id=876, 645.16031pt x 383.18156pt>
File: /home/gonzalopc/Documentos/programas_mios/TFM_AFI_2025/TFM_AFI_2025/mynot
es/images//boxplot_6.png Graphic file (type png)
<use /home/gonzalopc/Documentos/programas_mios/TFM_AFI_2025/TFM_AFI_2025/mynote
s/images//boxplot_6.png>
Package pdftex.def Info: /home/gonzalopc/Documentos/programas_mios/TFM_AFI_2025
/TFM_AFI_2025/mynotes/images//boxplot_6.png  used on input line 1103.
(pdftex.def)             Requested size: 386.95894pt x 229.823pt.

[53 </home/gonzalopc/Documentos/programas_mios/TFM_AFI_2025/TFM_AFI_2025/mynote
s/images//boxplot_5.png> </home/gonzalopc/Documentos/programas_mios/TFM_AFI_202
5/TFM_AFI_2025/mynotes/images//hist_7.png>]
</home/gonzalopc/Documentos/programas_mios/TFM_AFI_2025/TFM_AFI_2025/mynotes/im
ages//hist_8.png, id=881, 633.11531pt x 411.78844pt>
File: /home/gonzalopc/Documentos/programas_mios/TFM_AFI_2025/TFM_AFI_2025/mynot
es/images//hist_8.png Graphic file (type png)
<use /home/gonzalopc/Documentos/programas_mios/TFM_AFI_2025/TFM_AFI_2025/mynote
s/images//hist_8.png>
Package pdftex.def Info: /home/gonzalopc/Documentos/programas_mios/TFM_AFI_2025
/TFM_AFI_2025/mynotes/images//hist_8.png  used on input line 1110.
(pdftex.def)             Requested size: 386.95894pt x 251.68695pt.


LaTeX Warning: Reference `' on page 54 undefined on input line 1115.

</home/gonzalopc/Documentos/programas_mios/TFM_AFI_2025/TFM_AFI_2025/mynotes/im
ages//scattered_2.png, id=882, 963.6pt x 722.7pt>
File: /home/gonzalopc/Documentos/programas_mios/TFM_AFI_2025/TFM_AFI_2025/mynot
es/images//scattered_2.png Graphic file (type png)
<use /home/gonzalopc/Documentos/programas_mios/TFM_AFI_2025/TFM_AFI_2025/mynote
s/images//scattered_2.png>
Package pdftex.def Info: /home/gonzalopc/Documentos/programas_mios/TFM_AFI_2025
/TFM_AFI_2025/mynotes/images//scattered_2.png  used on input line 1121.
(pdftex.def)             Requested size: 338.5863pt x 253.93024pt.
[54 </home/gonzalopc/Documentos/programas_mios/TFM_AFI_2025/TFM_AFI_2025/mynote
s/images//boxplot_6.png> </home/gonzalopc/Documentos/programas_mios/TFM_AFI_202
5/TFM_AFI_2025/mynotes/images//hist_8.png>]
</home/gonzalopc/Documentos/programas_mios/TFM_AFI_2025/TFM_AFI_2025/mynotes/im
ages//matrix_corr_7.png, id=888, 620.7993pt x 560.8152pt>
File: /home/gonzalopc/Documentos/programas_mios/TFM_AFI_2025/TFM_AFI_2025/mynot
es/images//matrix_corr_7.png Graphic file (type png)
<use /home/gonzalopc/Documentos/programas_mios/TFM_AFI_2025/TFM_AFI_2025/mynote
s/images//matrix_corr_7.png>
Package pdftex.def Info: /home/gonzalopc/Documentos/programas_mios/TFM_AFI_2025
/TFM_AFI_2025/mynotes/images//matrix_corr_7.png  used on input line 1130.
(pdftex.def)             Requested size: 338.5863pt x 305.87355pt.
 [55 </home/gonzalopc/Documentos/programas_mios/TFM_AFI_2025/TFM_AFI_2025/mynot
es/images//scattered_2.png> </home/gonzalopc/Documentos/programas_mios/TFM_AFI_
2025/TFM_AFI_2025/mynotes/images//matrix_corr_7.png>] [56] [57]
</home/gonzalopc/Documentos/programas_mios/TFM_AFI_2025/TFM_AFI_2025/mynotes/im
ages//miami_ts_1.png, id=913, 1284.8pt x 963.6pt>
File: /home/gonzalopc/Documentos/programas_mios/TFM_AFI_2025/TFM_AFI_2025/mynot
es/images//miami_ts_1.png Graphic file (type png)
<use /home/gonzalopc/Documentos/programas_mios/TFM_AFI_2025/TFM_AFI_2025/mynote
s/images//miami_ts_1.png>
Package pdftex.def Info: /home/gonzalopc/Documentos/programas_mios/TFM_AFI_2025
/TFM_AFI_2025/mynotes/images//miami_ts_1.png  used on input line 1202.
(pdftex.def)             Requested size: 386.95894pt x 290.21439pt.
</home/gonzalopc/Documentos/programas_mios/TFM_AFI_2025/TFM_AFI_2025/mynotes/im
ages//miami_ts_2.png, id=915, 1284.8pt x 963.6pt>
File: /home/gonzalopc/Documentos/programas_mios/TFM_AFI_2025/TFM_AFI_2025/mynot
es/images//miami_ts_2.png Graphic file (type png)
<use /home/gonzalopc/Documentos/programas_mios/TFM_AFI_2025/TFM_AFI_2025/mynote
s/images//miami_ts_2.png>
Package pdftex.def Info: /home/gonzalopc/Documentos/programas_mios/TFM_AFI_2025
/TFM_AFI_2025/mynotes/images//miami_ts_2.png  used on input line 1211.
(pdftex.def)             Requested size: 338.5863pt x 253.94127pt.
 [58 </home/gonzalopc/Documentos/programas_mios/TFM_AFI_2025/TFM_AFI_2025/mynot
es/images//miami_ts_1.png (PNG copy)>]
Overfull \hbox (142.91013pt too wide) in paragraph at lines 1235--1235
[]\OT1/cmtt/m/n/10.95 future['Loaded Imports'] = pd.concat([df_imports_train['L
oaded Imports'], df_imports_test['Loaded Imports']])[] 
 []

</home/gonzalopc/Documentos/programas_mios/TFM_AFI_2025/TFM_AFI_2025/mynotes/im
ages//miami_ts_3.png, id=925, 1284.8pt x 963.6pt>
File: /home/gonzalopc/Documentos/programas_mios/TFM_AFI_2025/TFM_AFI_2025/mynot
es/images//miami_ts_3.png Graphic file (type png)
<use /home/gonzalopc/Documentos/programas_mios/TFM_AFI_2025/TFM_AFI_2025/mynote
s/images//miami_ts_3.png>
Package pdftex.def Info: /home/gonzalopc/Documentos/programas_mios/TFM_AFI_2025
/TFM_AFI_2025/mynotes/images//miami_ts_3.png  used on input line 1243.
(pdftex.def)             Requested size: 386.95894pt x 290.21439pt.
[59 </home/gonzalopc/Documentos/programas_mios/TFM_AFI_2025/TFM_AFI_2025/mynote
s/images//miami_ts_2.png (PNG copy)>] [60 </home/gonzalopc/Documentos/programas
_mios/TFM_AFI_2025/TFM_AFI_2025/mynotes/images//miami_ts_3.png (PNG copy)>]
Overfull \hbox (108.418pt too wide) in paragraph at lines 1312--1312
[]  \OT1/cmtt/m/n/10.95 print("Numero de configuraciones: ", pd.DataFrame.from_
dict(regressorsCV[name].cv_results_).shape[0])[] 
 []


Overfull \hbox (206.14569pt too wide) in paragraph at lines 1312--1312
[]  \OT1/cmtt/m/n/10.95 aux = pd.DataFrame.from_dict(regressorsCV[name].cv_resu
lts_).sort_values(by="mean_test_score", ascending=True).iloc[0][] 
 []

[61]
Overfull \hbox (148.65881pt too wide) in paragraph at lines 1357--1357
[]  \OT1/cmtt/m/n/10.95 xgb_model = xgb.XGBRegressor(objective='reg:squarederro
r', n_estimators=100, learning_rate=0.1, max_depth=3)[] 
 []

[62] [63]
Underfull \hbox (badness 10000) in paragraph at lines 1421--1422

 []


Underfull \hbox (badness 10000) in paragraph at lines 1427--1428

 []

[64]
</home/gonzalopc/Documentos/programas_mios/TFM_AFI_2025/TFM_AFI_2025/mynotes/im
ages//st_test_1.png, id=966, 753.5653pt x 406.51875pt>
File: /home/gonzalopc/Documentos/programas_mios/TFM_AFI_2025/TFM_AFI_2025/mynot
es/images//st_test_1.png Graphic file (type png)
<use /home/gonzalopc/Documentos/programas_mios/TFM_AFI_2025/TFM_AFI_2025/mynote
s/images//st_test_1.png>
Package pdftex.def Info: /home/gonzalopc/Documentos/programas_mios/TFM_AFI_2025
/TFM_AFI_2025/mynotes/images//st_test_1.png  used on input line 1447.
(pdftex.def)             Requested size: 483.69684pt x 260.93407pt.

Overfull \hbox (31.06383pt too wide) in paragraph at lines 1446--1448
 []|  [] 
 []

</home/gonzalopc/Documentos/programas_mios/TFM_AFI_2025/TFM_AFI_2025/mynotes/im
ages//st_test_2.png, id=967, 895.09406pt x 444.15938pt>
File: /home/gonzalopc/Documentos/programas_mios/TFM_AFI_2025/TFM_AFI_2025/mynot
es/images//st_test_2.png Graphic file (type png)
<use /home/gonzalopc/Documentos/programas_mios/TFM_AFI_2025/TFM_AFI_2025/mynote
s/images//st_test_2.png>
Package pdftex.def Info: /home/gonzalopc/Documentos/programas_mios/TFM_AFI_2025
/TFM_AFI_2025/mynotes/images//st_test_2.png  used on input line 1454.
(pdftex.def)             Requested size: 290.22105pt x 144.01122pt.
[65 </home/gonzalopc/Documentos/programas_mios/TFM_AFI_2025/TFM_AFI_2025/mynote
s/images//st_test_1.png> </home/gonzalopc/Documentos/programas_mios/TFM_AFI_202
5/TFM_AFI_2025/mynotes/images//st_test_2.png>] [66] [67] [68] (./main.bbl
[69]) [70] [71]
Overfull \hbox (22.7374pt too wide) in paragraph at lines 1542--1609
 [][] 
 []

</home/gonzalopc/Documentos/programas_mios/TFM_AFI_2025/TFM_AFI_2025/mynotes/im
ages//timeseries_3.png, id=1018, 1284.8pt x 963.6pt>
File: /home/gonzalopc/Documentos/programas_mios/TFM_AFI_2025/TFM_AFI_2025/mynot
es/images//timeseries_3.png Graphic file (type png)
<use /home/gonzalopc/Documentos/programas_mios/TFM_AFI_2025/TFM_AFI_2025/mynote
s/images//timeseries_3.png>
Package pdftex.def Info: /home/gonzalopc/Documentos/programas_mios/TFM_AFI_2025
/TFM_AFI_2025/mynotes/images//timeseries_3.png  used on input line 1618.
(pdftex.def)             Requested size: 483.69684pt x 362.77533pt.

Overfull \hbox (31.06383pt too wide) in paragraph at lines 1617--1619
 []|  [] 
 []

[72]
</home/gonzalopc/Documentos/programas_mios/TFM_AFI_2025/TFM_AFI_2025/mynotes/im
ages//timeseries_4.png, id=1023, 1284.8pt x 963.6pt>
File: /home/gonzalopc/Documentos/programas_mios/TFM_AFI_2025/TFM_AFI_2025/mynot
es/images//timeseries_4.png Graphic file (type png)
<use /home/gonzalopc/Documentos/programas_mios/TFM_AFI_2025/TFM_AFI_2025/mynote
s/images//timeseries_4.png>
Package pdftex.def Info: /home/gonzalopc/Documentos/programas_mios/TFM_AFI_2025
/TFM_AFI_2025/mynotes/images//timeseries_4.png  used on input line 1625.
(pdftex.def)             Requested size: 483.69684pt x 362.77533pt.

Overfull \hbox (31.06383pt too wide) in paragraph at lines 1624--1626
 []|  [] 
 []

[73 </home/gonzalopc/Documentos/programas_mios/TFM_AFI_2025/TFM_AFI_2025/mynote
s/images//timeseries_3.png (PNG copy)>]
</home/gonzalopc/Documentos/programas_mios/TFM_AFI_2025/TFM_AFI_2025/mynotes/im
ages//timeseries_5.png, id=1030, 1284.8pt x 963.6pt>
File: /home/gonzalopc/Documentos/programas_mios/TFM_AFI_2025/TFM_AFI_2025/mynot
es/images//timeseries_5.png Graphic file (type png)
<use /home/gonzalopc/Documentos/programas_mios/TFM_AFI_2025/TFM_AFI_2025/mynote
s/images//timeseries_5.png>
Package pdftex.def Info: /home/gonzalopc/Documentos/programas_mios/TFM_AFI_2025
/TFM_AFI_2025/mynotes/images//timeseries_5.png  used on input line 1632.
(pdftex.def)             Requested size: 483.69684pt x 362.77533pt.

Overfull \hbox (31.06383pt too wide) in paragraph at lines 1631--1633
 []|  [] 
 []

[74 </home/gonzalopc/Documentos/programas_mios/TFM_AFI_2025/TFM_AFI_2025/mynote
s/images//timeseries_4.png (PNG copy)>]
File: /home/gonzalopc/Documentos/programas_mios/TFM_AFI_2025/TFM_AFI_2025/mynot
es/images//timeseries_5.png Graphic file (type png)
<use /home/gonzalopc/Documentos/programas_mios/TFM_AFI_2025/TFM_AFI_2025/mynote
s/images//timeseries_5.png>
Package pdftex.def Info: /home/gonzalopc/Documentos/programas_mios/TFM_AFI_2025
/TFM_AFI_2025/mynotes/images//timeseries_5.png  used on input line 1639.
(pdftex.def)             Requested size: 483.69684pt x 362.77533pt.

Overfull \hbox (31.06383pt too wide) in paragraph at lines 1638--1640
 []|  [] 
 []

[75 </home/gonzalopc/Documentos/programas_mios/TFM_AFI_2025/TFM_AFI_2025/mynote
s/images//timeseries_5.png (PNG copy)>]
</home/gonzalopc/Documentos/programas_mios/TFM_AFI_2025/TFM_AFI_2025/mynotes/im
ages//hist_4.png, id=1039, 627.09282pt x 411.78844pt>
File: /home/gonzalopc/Documentos/programas_mios/TFM_AFI_2025/TFM_AFI_2025/mynot
es/images//hist_4.png Graphic file (type png)
<use /home/gonzalopc/Documentos/programas_mios/TFM_AFI_2025/TFM_AFI_2025/mynote
s/images//hist_4.png>
Package pdftex.def Info: /home/gonzalopc/Documentos/programas_mios/TFM_AFI_2025
/TFM_AFI_2025/mynotes/images//hist_4.png  used on input line 1646.
(pdftex.def)             Requested size: 483.69684pt x 317.63728pt.

Overfull \hbox (31.06383pt too wide) in paragraph at lines 1645--1647
 []|  [] 
 []

[76]
</home/gonzalopc/Documentos/programas_mios/TFM_AFI_2025/TFM_AFI_2025/mynotes/im
ages//hist_5.png, id=1044, 633.11531pt x 411.78844pt>
File: /home/gonzalopc/Documentos/programas_mios/TFM_AFI_2025/TFM_AFI_2025/mynot
es/images//hist_5.png Graphic file (type png)
<use /home/gonzalopc/Documentos/programas_mios/TFM_AFI_2025/TFM_AFI_2025/mynote
s/images//hist_5.png>
Package pdftex.def Info: /home/gonzalopc/Documentos/programas_mios/TFM_AFI_2025
/TFM_AFI_2025/mynotes/images//hist_5.png  used on input line 1653.
(pdftex.def)             Requested size: 483.69684pt x 314.60869pt.

Overfull \hbox (31.06383pt too wide) in paragraph at lines 1652--1654
 []|  [] 
 []

[77 </home/gonzalopc/Documentos/programas_mios/TFM_AFI_2025/TFM_AFI_2025/mynote
s/images//hist_4.png> </home/gonzalopc/Documentos/programas_mios/TFM_AFI_2025/T
FM_AFI_2025/mynotes/images//hist_5.png>]
Overfull \hbox (62.4285pt too wide) in paragraph at lines 1689--1689
[]\OT1/cmtt/m/n/10.95 all_params = [dict(zip(param_grid.keys(), v)) for v in it
ertools.product(*param_grid.values())][] 
 []


Overfull \hbox (125.66406pt too wide) in paragraph at lines 1689--1689
[]\OT1/cmtt/m/n/10.95 df_cv = cross_validation(m, initial='180 days', period='3
0 days', horizon='90 days', parallel="processes")[] 
 []

[78] [79]
</home/gonzalopc/Documentos/programas_mios/TFM_AFI_2025/TFM_AFI_2025/mynotes/im
ages//matrix_corr_5.png, id=1059, 620.7993pt x 560.8152pt>
File: /home/gonzalopc/Documentos/programas_mios/TFM_AFI_2025/TFM_AFI_2025/mynot
es/images//matrix_corr_5.png Graphic file (type png)
<use /home/gonzalopc/Documentos/programas_mios/TFM_AFI_2025/TFM_AFI_2025/mynote
s/images//matrix_corr_5.png>
Package pdftex.def Info: /home/gonzalopc/Documentos/programas_mios/TFM_AFI_2025
/TFM_AFI_2025/mynotes/images//matrix_corr_5.png  used on input line 1729.
(pdftex.def)             Requested size: 338.5863pt x 305.87355pt.
</home/gonzalopc/Documentos/programas_mios/TFM_AFI_2025/TFM_AFI_2025/mynotes/im
ages//matrix_corr_6.png, id=1060, 620.7993pt x 560.8152pt>
File: /home/gonzalopc/Documentos/programas_mios/TFM_AFI_2025/TFM_AFI_2025/mynot
es/images//matrix_corr_6.png Graphic file (type png)
<use /home/gonzalopc/Documentos/programas_mios/TFM_AFI_2025/TFM_AFI_2025/mynote
s/images//matrix_corr_6.png>
Package pdftex.def Info: /home/gonzalopc/Documentos/programas_mios/TFM_AFI_2025
/TFM_AFI_2025/mynotes/images//matrix_corr_6.png  used on input line 1736.
(pdftex.def)             Requested size: 338.5863pt x 305.87355pt.
 [80 </home/gonzalopc/Documentos/programas_mios/TFM_AFI_2025/TFM_AFI_2025/mynot
es/images//matrix_corr_5.png> </home/gonzalopc/Documentos/programas_mios/TFM_AF
I_2025/TFM_AFI_2025/mynotes/images//matrix_corr_6.png>] (./main.aux)

LaTeX Warning: There were undefined references.


LaTeX Warning: There were multiply-defined labels.

Package rerunfilecheck Info: File `main.out' has not changed.
(rerunfilecheck)             Checksum: 89C75613726CF34E76D0C9D3D0A7574D;10162.
 ) 
Here is how much of TeX's memory you used:
 10508 strings out of 480247
 196235 string characters out of 5896152
 471305 words of memory out of 5000000
 28042 multiletter control sequences out of 15000+600000
 477517 words of font info for 55 fonts, out of 8000000 for 9000
 14 hyphenation exceptions out of 8191
 60i,11n,63p,1800b,479s stack positions out of 5000i,500n,10000p,200000b,80000s
 </home/gonzalopc/.texlive2021/texmf-var/fonts/pk/ljfour/jknappen/ec/tcrm1095
.600pk> </home/gonzalopc/.texlive2021/texmf-var/fonts/pk/ljfour/jknappen/ec/tcb
x1095.600pk></usr/share/texlive/texmf-dist/fonts/type1/public/amsfonts/cm/cmbx1
0.pfb></usr/share/texlive/texmf-dist/fonts/type1/public/amsfonts/cm/cmbx12.pfb>
</usr/share/texlive/texmf-dist/fonts/type1/public/amsfonts/cm/cmbxti10.pfb></us
r/share/texlive/texmf-dist/fonts/type1/public/amsfonts/cm/cmex10.pfb></usr/shar
e/texlive/texmf-dist/fonts/type1/public/amsfonts/cm/cmmi10.pfb></usr/share/texl
ive/texmf-dist/fonts/type1/public/amsfonts/cm/cmmi8.pfb></usr/share/texlive/tex
mf-dist/fonts/type1/public/amsfonts/cm/cmr10.pfb></usr/share/texlive/texmf-dist
/fonts/type1/public/amsfonts/cm/cmr12.pfb></usr/share/texlive/texmf-dist/fonts/
type1/public/amsfonts/cm/cmr8.pfb></usr/share/texlive/texmf-dist/fonts/type1/pu
blic/amsfonts/cm/cmsy10.pfb></usr/share/texlive/texmf-dist/fonts/type1/public/a
msfonts/cm/cmsy8.pfb></usr/share/texlive/texmf-dist/fonts/type1/public/amsfonts
/cm/cmti10.pfb></usr/share/texlive/texmf-dist/fonts/type1/public/amsfonts/cm/cm
tt10.pfb>
Output written on main.pdf (80 pages, 5280744 bytes).
PDF statistics:
 1187 PDF objects out of 1200 (max. 8388607)
 994 compressed objects within 10 object streams
 236 named destinations out of 1000 (max. 500000)
 671 words of extra memory for PDF output out of 10000 (max. 10000000)

